Logfile initialized
[INFO] logfile = /Users/motoy3d/Documents/TitaniumStudioWorkspace/UrawaRedsMyLife_iOS/build.log
[DEBUG] /Users/motoy3d/Library/Application Support/Titanium/mobilesdk/osx/2.0.1.GA2/android/builder.py simulator UrawaRedsMyLife_iOS /Applications/android-sdk-macosx /Users/motoy3d/Documents/TitaniumStudioWorkspace/UrawaRedsMyLife_iOS org.with.urawareds 6 HVGA 
[INFO] Building UrawaRedsMyLife_iOS for Android ... one moment
[INFO] Titanium SDK version: 2.0.1 (04/12/12 16:33 999c68a)
[DEBUG] Waiting for device to be ready ...
[TRACE] adb devices returned 1 devices/emulators
[DEBUG] Device connected... (waited 0 seconds)
[DEBUG] waited 0.044436 seconds on emulator to get ready
[DEBUG] org.with.urawareds installed? True
[INFO] Fastdev server running, deploying in Fastdev mode
[INFO] Copying CommonJS modules...
[INFO] Copying project resources..
[TRACE] COPYING MODIFIED FILE: /Users/motoy3d/Documents/TitaniumStudioWorkspace/UrawaRedsMyLife_iOS/Resources/model/News.js => /Users/motoy3d/Documents/TitaniumStudioWorkspace/UrawaRedsMyLife_iOS/build/android/bin/assets/Resources/model/News.js
[INFO] Tiapp.xml unchanged, skipping class generation
[DEBUG] Processing Android resource drawables
[DEBUG] found drawable-long-land-hdpi splash screen at /Users/motoy3d/Documents/TitaniumStudioWorkspace/UrawaRedsMyLife_iOS/Resources/android/images/res-long-land-hdpi/default.png
[DEBUG] found drawable-long-land-ldpi splash screen at /Users/motoy3d/Documents/TitaniumStudioWorkspace/UrawaRedsMyLife_iOS/Resources/android/images/res-long-land-ldpi/default.png
[DEBUG] found drawable-long-port-hdpi splash screen at /Users/motoy3d/Documents/TitaniumStudioWorkspace/UrawaRedsMyLife_iOS/Resources/android/images/res-long-port-hdpi/default.png
[DEBUG] found drawable-long-port-ldpi splash screen at /Users/motoy3d/Documents/TitaniumStudioWorkspace/UrawaRedsMyLife_iOS/Resources/android/images/res-long-port-ldpi/default.png
[DEBUG] found drawable-notlong-land-hdpi splash screen at /Users/motoy3d/Documents/TitaniumStudioWorkspace/UrawaRedsMyLife_iOS/Resources/android/images/res-notlong-land-hdpi/default.png
[DEBUG] found drawable-notlong-land-ldpi splash screen at /Users/motoy3d/Documents/TitaniumStudioWorkspace/UrawaRedsMyLife_iOS/Resources/android/images/res-notlong-land-ldpi/default.png
[DEBUG] found drawable-notlong-land-mdpi splash screen at /Users/motoy3d/Documents/TitaniumStudioWorkspace/UrawaRedsMyLife_iOS/Resources/android/images/res-notlong-land-mdpi/default.png
[DEBUG] found drawable-notlong-port-hdpi splash screen at /Users/motoy3d/Documents/TitaniumStudioWorkspace/UrawaRedsMyLife_iOS/Resources/android/images/res-notlong-port-hdpi/default.png
[DEBUG] found drawable-notlong-port-ldpi splash screen at /Users/motoy3d/Documents/TitaniumStudioWorkspace/UrawaRedsMyLife_iOS/Resources/android/images/res-notlong-port-ldpi/default.png
[DEBUG] found drawable-notlong-port-mdpi splash screen at /Users/motoy3d/Documents/TitaniumStudioWorkspace/UrawaRedsMyLife_iOS/Resources/android/images/res-notlong-port-mdpi/default.png
[INFO] Waiting for SDCard to become available..
[INFO] Re-launching application ... UrawaRedsMyLife_iOS
[INFO] Launching application ... UrawaRedsMyLife_iOS
[TRACE] Launch output: Starting: Intent { act=android.intent.action.MAIN cat=[android.intent.category.LAUNCHER] cmp=org.with.urawareds/.Urawaredsmylife_iosActivity }

[INFO] Relaunched UrawaRedsMyLife_iOS ... Application should be running.
[INFO] Android Emulator has exited
