================================================================================
Appcelerator Titanium Diagnostics Build Log
The contents of this file are useful to send to Appcelerator Support if
reporting an issue to help us understand your environment, build settings
and aid in debugging. Please attach this log to any issue that you report.
================================================================================

Starting build at 10/01/12 23:17

Build details:

   timestamp=09/15/12 12:03
   module_apiversion=2
   version=2.1.3
   githash=a77d91c


Script arguments:
   /Users/motoy3d/Library/Application Support/Titanium/mobilesdk/osx/2.1.3.v20120915120319/iphone/builder.py
   simulator
   6.0
   /Users/motoy3d/Documents/TitaniumStudioWorkspace/UrawaRedsMyLife_iOS
   urawareds.my.life
   UrawaRedsMyLife_iOS
   iphone
   iphone
   

Building from: /Users/motoy3d/Library/Application Support/Titanium/mobilesdk/osx/2.1.3.v20120915120319/iphone
Platform: Darwin Kernel Version 11.4.0: Mon Apr  9 19:32:15 PDT 2012; root:xnu-1699.26.8~1/RELEASE_X86_64

Xcode path is: /Applications/Xcode.app/Contents/Developer


githash=a77d91c, existing_git_hash=a77d91c
writing contents of /Users/motoy3d/Documents/TitaniumStudioWorkspace/UrawaRedsMyLife_iOS/build/iphone/project.xcconfig:

TI_VERSION=2.1.3.v20120915120319
TI_SDK_DIR=/Users/motoy3d/Library/Application Support/Titanium/mobilesdk/osx/$(TI_VERSION)/iphone
TI_APPID=urawareds.my.life
OTHER_LDFLAGS[sdk=iphoneos*]=$(inherited) -weak_framework iAd
OTHER_LDFLAGS[sdk=iphonesimulator*]=$(inherited) -weak_framework iAd
#include "module"

old contents


Generated the following stylecode code:

<?xml version="1.0" encoding="UTF-8"?>
<!DOCTYPE plist PUBLIC "-//Apple//DTD PLIST 1.0//EN" "http://www.apple.com/DTDs/PropertyList-1.0.dtd">
<plist version="1.0">
	<dict>
		<key>classes</key>
		<dict>
</dict>

		<key>classes_density</key>
		<dict>
</dict>

		<key>ids</key>
		<dict>
</dict>

		<key>ids_density</key>
		<dict>
</dict>

		<key>tags</key>
		<dict>
</dict>

		<key>tags_density</key>
		<dict>
</dict>

	</dict>
</plist>
Finishing build
